/bin/bash: ./run_script.sh: Permission denied

------------------------------------------------------------
Sender: LSF System <lsfadmin@hpc.dtu.dk>
Subject: Job 19413135: <NONAME> in cluster <dcc> Exited

Job <NONAME> was submitted from host <hpclogin1> by user <s164521> in cluster <dcc> at Sun Nov 19 16:35:58 2023
Job was executed on host(s) <n-62-31-22>, in queue <hpc>, as user <s164521> in cluster <dcc> at Sun Nov 19 16:36:00 2023
</zhome/8d/e/117461> was used as the home directory.
</zhome/8d/e/117461/Deep-Learning> was used as the working directory.
Started at Sun Nov 19 16:36:00 2023
Terminated at Sun Nov 19 16:36:01 2023
Results reported at Sun Nov 19 16:36:01 2023

Your job looked like:

------------------------------------------------------------
# LSBATCH: User input
run_script.sh
------------------------------------------------------------

Exited with exit code 126.

Resource usage summary:

    CPU time :                                   0.26 sec.
    Max Memory :                                 -
    Average Memory :                             -
    Total Requested Memory :                     1024.00 MB
    Delta Memory :                               -
    Max Swap :                                   -
    Max Processes :                              -
    Max Threads :                                -
    Run time :                                   4 sec.
    Turnaround time :                            3 sec.

The output (if any) is above this job summary.

