Loaded dependency [python3/3.9.10]: gcc/10.3.0-binutils-2.36.1
Loaded module: python3/3.9.10

Loading python3/3.9.10
  Loading requirement: gcc/10.3.0-binutils-2.36.1
Loaded module: cuda/11.6
Traceback (most recent call last):
  File "/zhome/8d/e/117461/Deep-Learning/unet.py", line 12, in <module>
    import torchvision.transforms as transforms
  File "/zhome/8d/e/117461/Deep-Learning/.venv/lib/python3.9/site-packages/torchvision/__init__.py", line 6, in <module>
    from torchvision import _meta_registrations, datasets, io, models, ops, transforms, utils
  File "/zhome/8d/e/117461/Deep-Learning/.venv/lib/python3.9/site-packages/torchvision/datasets/__init__.py", line 1, in <module>
    from ._optical_flow import FlyingChairs, FlyingThings3D, HD1K, KittiFlow, Sintel
  File "/zhome/8d/e/117461/Deep-Learning/.venv/lib/python3.9/site-packages/torchvision/datasets/_optical_flow.py", line 13, in <module>
    from .utils import _read_pfm, verify_str_arg
  File "/zhome/8d/e/117461/Deep-Learning/.venv/lib/python3.9/site-packages/torchvision/datasets/utils.py", line 22, in <module>
    import requests
  File "/zhome/8d/e/117461/Deep-Learning/.venv/lib/python3.9/site-packages/requests/__init__.py", line 43, in <module>
    import urllib3
  File "/zhome/8d/e/117461/Deep-Learning/.venv/lib/python3.9/site-packages/urllib3/__init__.py", line 41, in <module>
    raise ImportError(
ImportError: urllib3 v2 only supports OpenSSL 1.1.1+, currently the 'ssl' module is compiled with 'OpenSSL 1.0.2k-fips  26 Jan 2017'. See: https://github.com/urllib3/urllib3/issues/2168
